Build started 10/29/2013 11:23:30 PM.
     1>Project "C:\Users\bryan\Documents\GitHub\Leap-Motion-App\LeapMotionApp\vc11\LeapMotionApp.vcxproj" on node 2 (Build target(s)).
     1>PreBuildEvent:
         xcopy "..\..\leap\msw\Leap.dll" "C:\Users\bryan\Documents\GitHub\Leap-Motion-App\LeapMotionApp\vc11\bin\" /Y /C
         :VCEnd
         ..\..\leap\msw\Leap.dll
         1 File(s) copied
       ClCompile:
         C:\Program Files (x86)\Microsoft Visual Studio 11.0\VC\bin\CL.exe /c /I..\..\leap /I..\include /I..\..\cinder\include /I..\..\cinder\boost /Zi /nologo /W3 /WX- /MP /O2 /Oy- /GL /D WIN32 /D NDEBUG /D _WINDOWS /D NOMINMAX /D _WIN32_WINNT=0x0502 /D _UNICODE /D UNICODE /Gm- /EHsc /MT /GS /fp:precise /Zc:wchar_t /Zc:forScope /Fo"Release\\" /Fd"Release\vc110.pdb" /Gd /TP /analyze- /errorReport:prompt ..\src\LeapMotionAppApp.cpp
         LeapMotionAppApp.cpp
     1>..\src\LeapMotionAppApp.cpp(168): warning C4244: 'argument' : conversion from 'int' to 'float', possible loss of data
     1>..\src\LeapMotionAppApp.cpp(170): warning C4244: 'argument' : conversion from 'int' to 'float', possible loss of data
     1>..\src\LeapMotionAppApp.cpp(174): warning C4244: 'argument' : conversion from 'int' to 'float', possible loss of data
     1>..\src\LeapMotionAppApp.cpp(179): warning C4244: 'argument' : conversion from 'int' to 'float', possible loss of data
       Link:
         C:\Program Files (x86)\Microsoft Visual Studio 11.0\VC\bin\link.exe /ERRORREPORT:PROMPT /OUT:"C:\Users\bryan\Documents\GitHub\Leap-Motion-App\LeapMotionApp\vc11\\bin\LeapMotionApp.exe" /INCREMENTAL:NO /NOLOGO /LIBPATH:..\..\cinder\lib /LIBPATH:..\..\cinder\lib\msw /LIBPATH:..\..\leap\msw Leap.lib cinder.lib kernel32.lib user32.lib gdi32.lib winspool.lib comdlg32.lib advapi32.lib shell32.lib ole32.lib oleaut32.lib uuid.lib odbc32.lib odbccp32.lib /MANIFEST /MANIFESTUAC:"level='asInvoker' uiAccess='false'" /manifest:embed /PDB:"C:\Users\bryan\Documents\GitHub\Leap-Motion-App\LeapMotionApp\vc11\\bin\LeapMotionApp.pdb" /MAP /SUBSYSTEM:WINDOWS /OPT:REF /LTCG /TLBID:1 /DYNAMICBASE:NO /IMPLIB:"C:\Users\bryan\Documents\GitHub\Leap-Motion-App\LeapMotionApp\vc11\\bin\LeapMotionApp.lib" /MACHINE:X86 /SAFESEH Release\Resources.res
         Release\LeapMotionAppApp.obj
         Generating code
         Finished generating code
         LeapMotionApp.vcxproj -> C:\Users\bryan\Documents\GitHub\Leap-Motion-App\LeapMotionApp\vc11\\bin\LeapMotionApp.exe
     1>Done Building Project "C:\Users\bryan\Documents\GitHub\Leap-Motion-App\LeapMotionApp\vc11\LeapMotionApp.vcxproj" (Build target(s)).

Build succeeded.

Time Elapsed 00:00:11.89
